\BOOKMARK [1][-]{section.1}{\376\377\000T\000h\000e\000r\000m\000o\000d\000y\000n\000a\000m\000i\000k\000\040\000f\000\374\000r\000\040\000K\000n\000e\000c\000h\000t\000e}{}% 1
\BOOKMARK [2][-]{subsection.1.1}{\376\377\000W\000a\000s\000\040\000i\000s\000t\000\040\000T\000h\000e\000r\000m\000o\000d\000y\000n\000a\000m\000i\000k\000?}{section.1}% 2
\BOOKMARK [2][-]{subsection.1.2}{\376\377\000T\000h\000e\000r\000m\000o\000d\000y\000n\000a\000m\000i\000s\000c\000h\000e\000\040\000S\000y\000s\000t\000e\000m\000e}{section.1}% 3
\BOOKMARK [3][-]{subsubsection.1.2.1}{\376\377\000P\000h\000a\000s\000e}{subsection.1.2}% 4
\BOOKMARK [3][-]{subsubsection.1.2.2}{\376\377\000A\000g\000g\000r\000e\000g\000a\000t\000z\000u\000s\000t\000\344\000n\000d\000e}{subsection.1.2}% 5
\BOOKMARK [3][-]{subsubsection.1.2.3}{\376\377\000G\000l\000e\000i\000c\000h\000g\000e\000w\000i\000c\000h\000t}{subsection.1.2}% 6
\BOOKMARK [3][-]{subsubsection.1.2.4}{\376\377\0000\000.\000\040\000H\000a\000u\000p\000t\000s\000a\000t\000z\000\040\000d\000e\000r\000\040\000T\000h\000e\000r\000m\000o\000d\000y\000n\000a\000m\000i\000k}{subsection.1.2}% 7
\BOOKMARK [2][-]{subsection.1.3}{\376\377\000Z\000u\000s\000t\000a\000n\000d\000s\000g\000r\000\366\000\337\000e\000n}{section.1}% 8
\BOOKMARK [3][-]{subsubsection.1.3.1}{\376\377\000i\000n\000t\000e\000n\000s\000i\000v\000e\000\040\000Z\000u\000s\000t\000a\000n\000d\000s\000g\000r\000\366\000\337\000e\000n\000\040\000\050\000u\000n\000a\000b\000h\000\344\000n\000g\000i\000g\000\040\000v\000o\000n\000\040\000d\000e\000r\000\040\000S\000t\000o\000f\000f\000m\000e\000n\000g\000e\000\040\000n\000\040\000-\000\040\000i\000n\000d\000e\000p\000e\000n\000d\000e\000n\000t\000\051}{subsection.1.3}% 9
\BOOKMARK [3][-]{subsubsection.1.3.2}{\376\377\000e\000x\000t\000e\000n\000s\000i\000v\000e\000\040\000Z\000u\000s\000t\000a\000n\000d\000s\000g\000r\000\366\000\337\000e\000n\000\040\000\050\000a\000b\000h\000\344\000n\000g\000i\000g\000\040\000v\000o\000n\000\040\000d\000e\000r\000\040\000S\000t\000o\000f\000f\000m\000e\000n\000g\000e\000\040\000n\000\051}{subsection.1.3}% 10
\BOOKMARK [3][-]{subsubsection.1.3.3}{\376\377\000D\000e\000f\000i\000n\000i\000t\000i\000o\000n\000\040\000e\000i\000n\000e\000r\000\040\000s\000p\000e\000z\000i\000f\000i\000s\000c\000h\000e\000\040\000G\000r\000\366\000\337\000e\000\040\000\050\000t\000e\000i\000l\000e\000n\000\040\000d\000u\000r\000c\000h\000\040\000M\000a\000s\000s\000e\000\051}{subsection.1.3}% 11
\BOOKMARK [3][-]{subsubsection.1.3.4}{\376\377\000D\000e\000f\000i\000n\000i\000t\000i\000o\000n\000\040\000e\000i\000n\000e\000r\000\040\000m\000o\000l\000a\000r\000e\000n\000\040\000G\000r\000\366\000\337\000e\000\040\000\050\000t\000e\000i\000l\000e\000n\000\040\000d\000u\000r\000c\000h\000\040\000S\000t\000o\000f\000f\000m\000e\000n\000g\000e\000\051}{subsection.1.3}% 12
\BOOKMARK [3][-]{subsubsection.1.3.5}{\376\377\000v\000e\000r\000s\000c\000h\000i\000e\000d\000e\000n\000e\000\040\000G\000r\000\366\000\337\000e\000n}{subsection.1.3}% 13
\BOOKMARK [3][-]{subsubsection.1.3.6}{\376\377\000t\000h\000e\000r\000m\000o\000d\000y\000n\000a\000m\000i\000s\000c\000h\000e\000\040\000P\000r\000o\000z\000e\000s\000s\000e}{subsection.1.3}% 14
\BOOKMARK [2][-]{subsection.1.4}{\376\377\000Z\000u\000s\000t\000a\000n\000d\000s\000g\000l\000e\000i\000c\000h\000u\000n\000g\000\040\000-\000\040\000Z\000u\000s\000a\000m\000m\000e\000n\000h\000a\000n\000g\000\040\000z\000w\000i\000s\000c\000h\000e\000n\000\040\000Z\000u\000s\000t\000a\000n\000d\000s\000g\000r\000\366\000\337\000e\000n}{section.1}% 15
\BOOKMARK [1][-]{section.2}{\376\377\000G\000a\000s\000e}{}% 16
\BOOKMARK [2][-]{subsection.2.1}{\376\377\000D\000a\000s\000\040\000i\000d\000e\000a\000l\000e\000\040\000G\000a\000s}{section.2}% 17
\BOOKMARK [3][-]{subsubsection.2.1.1}{\376\377\000i\000d\000e\000a\000l\000e\000\040\000G\000a\000s\000g\000l\000e\000i\000c\000h\000u\000n\000g\000\040\000p\000V\000\040\000=\000\040\000n\000R\000T\000\040\000b\000z\000w\000.\000\040\000p\000V\000m\000\040\000=\000\040\000R\000T}{subsection.2.1}% 18
\BOOKMARK [2][-]{subsection.2.2}{\376\377\000k\000i\000n\000e\000t\000i\000s\000c\000h\000e\000\040\000G\000a\000s\000t\000h\000e\000o\000r\000i\000e}{section.2}% 19
\BOOKMARK [2][-]{subsection.2.3}{\376\377\000I\000n\000t\000e\000r\000m\000o\000l\000e\000k\000u\000l\000a\000r\000e\000\040\000W\000e\000c\000h\000s\000e\000l\000w\000i\000r\000k\000u\000n\000g\000e\000n}{section.2}% 20
\BOOKMARK [2][-]{subsection.2.4}{\376\377\000R\000e\000a\000l\000e\000\040\000G\000a\000s\000e}{section.2}% 21
\BOOKMARK [3][-]{subsubsection.2.4.1}{\376\377\000V\000a\000n\000\040\000d\000e\000r\000\040\000W\000a\000a\000l\000s\000\040\000G\000l\000e\000i\000c\000h\000u\000n\000g}{subsection.2.4}% 22
\BOOKMARK [3][-]{subsubsection.2.4.2}{\376\377\000V\000i\000r\000i\000a\000l\000g\000l\000e\000i\000c\000h\000u\000n\000g\000:}{subsection.2.4}% 23
\BOOKMARK [3][-]{subsubsection.2.4.3}{\376\377\000K\000o\000n\000d\000e\000n\000s\000a\000t\000i\000o\000n}{subsection.2.4}% 24
\BOOKMARK [3][-]{subsubsection.2.4.4}{\376\377\000K\000r\000i\000t\000i\000s\000c\000h\000e\000r\000\040\000P\000u\000n\000k\000t}{subsection.2.4}% 25
\BOOKMARK [1][-]{section.3}{\376\377\000E\000r\000s\000t\000e\000r\000\040\000H\000a\000u\000p\000t\000s\000a\000t\000z\000\040\000d\000e\000r\000\040\000T\000h\000e\000r\000m\000o\000d\000y\000n\000a\000m\000i\000k}{}% 26
\BOOKMARK [2][-]{subsection.3.1}{\376\377\000A\000r\000b\000e\000i\000t\000,\000\040\000W\000\344\000r\000m\000e\000\040\000u\000n\000d\000\040\000E\000n\000e\000r\000g\000i\000e}{section.3}% 27
\BOOKMARK [3][-]{subsubsection.3.1.1}{\376\377\000A\000r\000b\000e\000i\000t\000\040\000=\000\040\000K\000r\000a\000f\000t\000\040\000\040\000W\000e\000g}{subsection.3.1}% 28
\BOOKMARK [3][-]{subsubsection.3.1.2}{\376\377\000V\000o\000l\000u\000m\000e\000n\000a\000r\000b\000e\000i\000t}{subsection.3.1}% 29
\BOOKMARK [3][-]{subsubsection.3.1.3}{\376\377\000W\000\344\000r\000m\000e}{subsection.3.1}% 30
\BOOKMARK [2][-]{subsection.3.2}{\376\377\000i\000n\000n\000e\000r\000e\000\040\000E\000n\000e\000r\000g\000i\000e\000\040\0001\000.\000H\000S}{section.3}% 31
\BOOKMARK [3][-]{subsubsection.3.2.1}{\376\377\000t\000h\000e\000r\000m\000i\000s\000c\000h\000e\000\040\000z\000u\000s\000t\000a\000n\000d\000s\000g\000l\000e\000i\000c\000h\000u\000n\000g\000e\000n\000\040\000\050\000p\000V\000=\000n\000R\000T\000\051}{subsection.3.2}% 32
\BOOKMARK [3][-]{subsubsection.3.2.2}{\376\377\000F\000r\000e\000i\000e\000\040\000E\000x\000p\000a\000n\000s\000i\000o\000n}{subsection.3.2}% 33
\BOOKMARK [2][-]{subsection.3.3}{\376\377\000E\000n\000t\000h\000a\000l\000p\000i\000e}{section.3}% 34
\BOOKMARK [3][-]{subsubsection.3.3.1}{\376\377\000T\000e\000m\000p\000e\000r\000a\000t\000u\000r\000a\000b\000h\000\344\000n\000g\000i\000g\000k\000e\000i\000t\000\040\000\050\000p\000\040\000=\000\040\000k\000o\000n\000s\000t\000a\000n\000t\000\051}{subsection.3.3}% 35
\BOOKMARK [3][-]{subsubsection.3.3.2}{\376\377\000D\000r\000u\000c\000k\000a\000b\000g\000\344\000n\000g\000i\000g\000k\000e\000i\000t\000\040\000d\000e\000r\000\040\000E\000n\000t\000h\000a\000l\000p\000i\000e\000\040\000\050\000E\000n\000t\000s\000p\000a\000n\000n\000u\000n\000g\000\040\000d\000u\000r\000c\000h\000\040\000D\000r\000o\000s\000s\000e\000l\000\051}{subsection.3.3}% 36
\BOOKMARK [2][-]{subsection.3.4}{\376\377\000K\000a\000l\000o\000r\000i\000m\000e\000t\000r\000i\000e\000:\000\040\000M\000e\000s\000s\000u\000n\000g\000\040\000v\000o\000n\000\040\000W\000\344\000r\000m\000e\000e\000f\000f\000e\000k\000t\000e\000n\000\040\000S\000c\000h\000m\000e\000l\000z\000e\000n\000t\000h\000a\000l\000p\000i\000e\000n\000\040\000u\000n\000d\000\040\000R\000e\000a\000k\000t\000i\000o\000n\000s\000e\000n\000t\000h\000a\000l\000p\000i\000e\000n}{section.3}% 37
\BOOKMARK [3][-]{subsubsection.3.4.1}{\376\377\000A\000d\000i\000a\000b\000a\000t\000i\000s\000c\000h\000e\000s\000\040\000B\000o\000m\000b\000e\000n\000k\000a\000l\000o\000r\000i\000m\000e\000t\000e\000r}{subsection.3.4}% 38
\BOOKMARK [2][-]{subsection.3.5}{\376\377\000A\000d\000i\000a\000b\000a\000t\000i\000s\000c\000h\000e\000s\000\040\000V\000e\000r\000b\000r\000e\000n\000n\000u\000n\000g\000s\000k\000a\000l\000o\000r\000i\000m\000e\000t\000e\000r}{section.3}% 39
\BOOKMARK [2][-]{subsection.3.6}{\376\377\000T\000h\000e\000r\000m\000o\000c\000h\000e\000m\000i\000e\000\040\000-\000\040\000W\000\344\000r\000m\000e\000e\000f\000f\000e\000k\000t\000e\000\040\000c\000h\000e\000m\000i\000s\000c\000h\000e\000r\000\040\000R\000e\000a\000k\000t\000i\000o\000n\000e\000n}{section.3}% 40
\BOOKMARK [3][-]{subsubsection.3.6.1}{\376\377\000S\000t\000a\000n\000d\000a\000r\000d\000r\000e\000a\000k\000t\000i\000o\000n\000s\000e\000n\000t\000h\000a\000l\000p\000i\000e}{subsection.3.6}% 41
\BOOKMARK [3][-]{subsubsection.3.6.2}{\376\377\000D\000a\000t\000z\000\040\000v\000o\000n\000\040\000H\000e\000s\000s}{subsection.3.6}% 42
\BOOKMARK [3][-]{subsubsection.3.6.3}{\376\377\000K\000i\000r\000c\000h\000h\000o\000f\000f\000s\000c\000h\000e\000s\000\040\000G\000e\000s\000e\000t\000z}{subsection.3.6}% 43
\BOOKMARK [1][-]{section.4}{\376\377\000D\000e\000r\000\040\0002\000.\000\040\000H\000a\000u\000p\000t\000s\000a\000t\000z}{}% 44
\BOOKMARK [2][-]{subsection.4.1}{\376\377\000C\000a\000r\000n\000o\000t\000s\000c\000h\000e\000r\000\040\000K\000r\000e\000i\000s\000p\000r\000o\000z\000e\000s\000s}{section.4}% 45
\BOOKMARK [3][-]{subsubsection.4.1.1}{\376\377\000i\000s\000o\000t\000h\000e\000r\000m\000e\000\040\000P\000r\000o\000z\000e\000s\000s\000e\000\040\000\050\000r\000e\000v\000e\000r\000s\000i\000b\000e\000l\000\051\000\040\000i\000d\000e\000a\000l\000e\000s\000\040\000G\000a\000s}{subsection.4.1}% 46
\BOOKMARK [3][-]{subsubsection.4.1.2}{\376\377\000A\000d\000i\000a\000b\000a\000t\000i\000s\000c\000h\000e\000\040\000P\000r\000o\000z\000e\000s\000s\000e\000\040\000\050\000r\000e\000v\000e\000r\000s\000i\000b\000e\000l\000\051\000\040\000\050\000q\000=\0000\000\051}{subsection.4.1}% 47
\BOOKMARK [3][-]{subsubsection.4.1.3}{\376\377\000A\000d\000i\000a\000b\000a\000t\000e\000n\000g\000l\000e\000i\000c\000h\000u\000n\000g}{subsection.4.1}% 48
\BOOKMARK [3][-]{subsubsection.4.1.4}{\376\377\000C\000a\000r\000n\000o\000t\000s\000c\000h\000e\000r\000k\000r\000e\000i\000s\000p\000r\000o\000z\000e\000s\000s}{subsection.4.1}% 49
\BOOKMARK [3][-]{subsubsection.4.1.5}{\376\377\000W\000\344\000r\000m\000e\000k\000r\000a\000f\000t\000m\000a\000s\000c\000h\000i\000n\000e}{subsection.4.1}% 50
\BOOKMARK [3][-]{subsubsection.4.1.6}{\376\377\000W\000i\000r\000k\000u\000n\000g\000s\000g\000r\000a\000d}{subsection.4.1}% 51
\BOOKMARK [1][-]{section.5}{\376\377\000E\000n\000t\000r\000o\000p\000i\000e}{}% 52
\BOOKMARK [2][-]{subsubsection.5.0.1}{\376\377\000D\000e\000f\000i\000n\000i\000t\000i\000o\000n\000\040\000d\000e\000r\000\040\000Z\000u\000s\000t\000a\000n\000d\000s\000g\000r\000\366\000\337\000e\000\040\000E\000n\000t\000r\000o\000p\000i\000e\000\040\000S}{section.5}% 53
\BOOKMARK [3][-]{subsubsection.5.0.2}{\376\377\000I\000s\000o\000t\000h\000e\000r\000m\000e\000\040\000\050\000T\000=\0000\000\051\000,\000\040\000r\000e\000v\000e\000r\000s\000i\000p\000l\000e\000\040\000E\000x\000p\000a\000n\000s\000i\000o\000n}{subsubsection.5.0.1}% 54
\BOOKMARK [3][-]{subsubsection.5.0.3}{\376\377\000a\000d\000i\000a\000b\000a\000t\000i\000s\000c\000h\000e\000,\000\040\000r\000e\000v\000e\000r\000s\000i\000b\000l\000e\000\040\000E\000x\000p\000a\000n\000s\000i\000o\000n}{subsubsection.5.0.1}% 55
\BOOKMARK [3][-]{subsubsection.5.0.4}{\376\377\000I\000s\000o\000b\000a\000r\000e\000r\000\040\000P\000h\000a\000s\000e\000n\000\374\000b\000e\000r\000g\000a\000n\000g}{subsubsection.5.0.1}% 56
\BOOKMARK [3][-]{subsubsection.5.0.5}{\376\377\000I\000s\000o\000b\000a\000r\000e\000\040\000E\000r\000h\000i\000t\000z\000u\000n\000g}{subsubsection.5.0.1}% 57
\BOOKMARK [3][-]{subsubsection.5.0.6}{\376\377\000B\000e\000l\000i\000e\000b\000i\000g\000e\000r\000\040\000K\000r\000e\000i\000s\000p\000r\000o\000z\000e\000s\000s\000\040\000i\000s\000t\000\040\000d\000i\000e\000\040\000S\000u\000m\000m\000e\000\040\000v\000o\000n\000\040\000C\000a\000r\000n\000o\000t\000p\000r\000o\000z\000e\000s\000s\000e\000n}{subsubsection.5.0.1}% 58
\BOOKMARK [3][-]{subsubsection.5.0.7}{\376\377\000W\000\344\000r\000m\000e\000\040\000A\000u\000s\000t\000a\000u\000s\000c\000h\000\040\000z\000w\000i\000s\000c\000h\000e\000n\000\040\000e\000i\000n\000e\000m\000\040\000w\000a\000r\000m\000e\000n\000\040\000u\000n\000d\000\040\000e\000i\000n\000e\000m\000\040\000k\000a\000l\000t\000e\000n\000\040\000R\000e\000s\000e\000r\000v\000o\000i\000r}{subsubsection.5.0.1}% 59
\BOOKMARK [2][-]{subsection.5.1}{\376\377\000V\000o\000l\000u\000m\000e\000n\000\344\000n\000d\000e\000r\000u\000n\000g}{section.5}% 60
\BOOKMARK [3][-]{subsubsection.5.1.1}{\376\377\000C\000l\000a\000u\000s\000i\000u\000s\000s\000c\000h\000e\000\040\000U\000n\000g\000l\000e\000i\000c\000h\000u\000n\000g}{subsection.5.1}% 61
\BOOKMARK [1][-]{section.6}{\376\377\0003\000.\000H\000a\000u\000p\000t\000s\000a\000t\000z\000\040\000d\000e\000r\000\040\000T\000h\000e\000r\000m\000o\000d\000y\000n\000a\000m\000i\000k}{}% 62
\BOOKMARK [1][-]{section.7}{\376\377\0001\000.\000\040\000+\000\040\0002\000.\000\040\000H\000a\000u\000p\000t\000s\000a\000t\000z}{}% 63
