\BOOKMARK [1][-]{section.1}{\376\377\000L\000i\000n\000e\000a\000r\000e\000\040\000A\000l\000g\000e\000b\000r\000a}{}% 1
\BOOKMARK [2][-]{subsection.1.1}{\376\377\000L\000i\000n\000e\000a\000r\000e\000\040\000V\000e\000k\000t\000o\000r\000r\000\344\000u\000m\000e}{section.1}% 2
\BOOKMARK [2][-]{subsection.1.2}{\376\377\000D\000i\000m\000e\000n\000s\000i\000o\000n\000\040\000u\000n\000d\000\040\000B\000a\000s\000i\000s\000\040\000e\000i\000n\000e\000s\000\040\000V\000e\000k\000t\000o\000r\000r\000a\000u\000m\000s}{section.1}% 3
\BOOKMARK [2][-]{subsection.1.3}{\376\377\000S\000p\000e\000z\000i\000e\000l\000l\000e\000\040\000l\000i\000n\000e\000a\000r\000e\000\040\000V\000e\000k\000t\000o\000r\000r\000\344\000u\000m\000e}{section.1}% 4
\BOOKMARK [3][-]{subsubsection.1.3.1}{\376\377\000E\000u\000k\000l\000i\000d\000i\000s\000c\000h\000e\000\040\000V\000e\000k\000t\000o\000r\000r\000\344\000u\000m\000e}{subsection.1.3}% 5
\BOOKMARK [2][-]{subsection.1.4}{\376\377\000L\000i\000n\000e\000a\000r\000e\000\040\000O\000p\000e\000r\000a\000t\000o\000r\000e\000n}{section.1}% 6
\BOOKMARK [3][-]{subsubsection.1.4.1}{\376\377\000G\000r\000u\000n\000d\000l\000a\000g\000e\000n}{subsection.1.4}% 7
\BOOKMARK [3][-]{subsubsection.1.4.2}{\376\377\000V\000e\000r\000k\000n\000\374\000p\000f\000u\000n\000g\000\040\000v\000o\000n\000\040\000O\000p\000e\000r\000a\000t\000o\000r\000e\000n}{subsection.1.4}% 8
\BOOKMARK [2][-]{subsection.1.5}{\376\377\000M\000a\000t\000r\000i\000z\000e\000n}{section.1}% 9
\BOOKMARK [3][-]{subsubsection.1.5.1}{\376\377\000M\000a\000t\000r\000i\000x\000d\000a\000r\000s\000t\000e\000l\000l\000u\000n\000g\000\040\000v\000o\000n\000\040\000O\000p\000e\000r\000a\000t\000o\000r\000e\000n}{subsection.1.5}% 10
\BOOKMARK [3][-]{subsubsection.1.5.2}{\376\377\000A\000d\000d\000i\000t\000i\000o\000n\000\040\000u\000n\000d\000\040\000M\000u\000l\000t\000i\000p\000l\000i\000k\000a\000t\000i\000o\000n\000\040\000v\000o\000n\000\040\000M\000a\000t\000r\000i\000z\000e\000n}{subsection.1.5}% 11
\BOOKMARK [2][-]{subsection.1.6}{\376\377\000M\000a\000t\000r\000i\000z\000e\000n\000\040\000m\000i\000t\000\040\000s\000p\000e\000z\000i\000e\000l\000l\000e\000n\000\040\000E\000i\000g\000e\000n\000s\000c\000h\000a\000f\000t\000e\000n}{section.1}% 12
\BOOKMARK [3][-]{subsubsection.1.6.1}{\376\377\000D\000i\000e\000\040\000E\000i\000n\000h\000e\000i\000t\000s\000m\000a\000t\000r\000i\000x\000\040\000E\000\040\000\050\000a\000u\000c\000h\000\040\000I\000,\000\040\0001\000\051}{subsection.1.6}% 13
\BOOKMARK [3][-]{subsubsection.1.6.2}{\376\377\000D\000i\000g\000i\000t\000a\000l\000m\000a\000t\000r\000i\000x\000\040\000D}{subsection.1.6}% 14
\BOOKMARK [3][-]{subsubsection.1.6.3}{\376\377\000D\000i\000e\000\040\000i\000n\000v\000e\000r\000s\000e\000\040\000M\000a\000t\000r\000i\000x}{subsection.1.6}% 15
\BOOKMARK [3][-]{subsubsection.1.6.4}{\376\377\000D\000i\000e\000\040\000t\000r\000a\000n\000s\000p\000o\000n\000i\000e\000r\000t\000e\000\040\000M\000a\000t\000r\000i\000x\000\040\000,\000\040\000A\000T\000,\000\040\000A\000+}{subsection.1.6}% 16
\BOOKMARK [3][-]{subsubsection.1.6.5}{\376\377\000D\000i\000e\000\040\000a\000d\000j\000u\000n\000g\000i\000e\000r\000t\000e\000\040\000M\000a\000t\000r\000i\000x\000\040\000A\000+}{subsection.1.6}% 17
\BOOKMARK [2][-]{subsection.1.7}{\376\377\000D\000e\000t\000e\000r\000m\000i\000n\000a\000n\000t\000e\000n}{section.1}% 18
\BOOKMARK [3][-]{subsubsection.1.7.1}{\376\377\000D\000e\000f\000i\000n\000i\000t\000i\000o\000n}{subsection.1.7}% 19
\BOOKMARK [3][-]{subsubsection.1.7.2}{\376\377\000E\000i\000g\000e\000n\000s\000c\000h\000a\000f\000t\000e\000n\000\040\000v\000o\000n\000\040\000D\000e\000t\000e\000r\000m\000i\000n\000a\000n\000t\000e\000n}{subsection.1.7}% 20
\BOOKMARK [2][-]{subsection.1.8}{\376\377\000L\000i\000n\000e\000a\000r\000e\000\040\000G\000l\000e\000i\000c\000h\000u\000n\000g\000s\000s\000y\000s\000t\000e\000m\000e}{section.1}% 21
\BOOKMARK [3][-]{subsubsection.1.8.1}{\376\377\000G\000a\000u\000\337\000s\000c\000h\000e\000\040\000A\000l\000g\000o\000r\000i\000t\000h\000m\000e\000n}{subsection.1.8}% 22
\BOOKMARK [2][-]{subsection.1.9}{\376\377\000B\000a\000s\000i\000s\000t\000r\000a\000n\000s\000f\000o\000r\000m\000a\000t\000i\000o\000n}{section.1}% 23
\BOOKMARK [3][-]{subsubsection.1.9.1}{\376\377\000T\000r\000a\000n\000s\000f\000o\000r\000m\000a\000t\000i\000o\000n\000s\000m\000a\000t\000r\000i\000x}{subsection.1.9}% 24
\BOOKMARK [3][-]{subsubsection.1.9.2}{\376\377\000T\000r\000a\000n\000s\000f\000o\000r\000m\000a\000t\000i\000o\000n\000\040\000v\000o\000n\000\040\000V\000e\000k\000t\000o\000r\000e\000n\000\040\000i\000n\000\040\000K\000o\000m\000p\000o\000n\000e\000n\000t\000e\000n\000d\000a\000r\000s\000t\000e\000l\000l\000u\000n\000g}{subsection.1.9}% 25
\BOOKMARK [3][-]{subsubsection.1.9.3}{\376\377\000T\000r\000a\000n\000s\000f\000o\000r\000m\000a\000t\000i\000o\000n\000\040\000d\000e\000r\000\040\000M\000a\000t\000r\000i\000x\000d\000a\000r\000s\000t\000e\000l\000l\000u\000n\000g\000\040\000v\000o\000n\000\040\000O\000p\000e\000r\000a\000t\000o\000r\000e\000n}{subsection.1.9}% 26
\BOOKMARK [2][-]{subsection.1.10}{\376\377\000D\000a\000s\000\040\000E\000i\000g\000e\000n\000w\000e\000r\000t\000p\000r\000o\000b\000l\000e\000m}{section.1}% 27
