\BOOKMARK [1][-]{section.1}{\376\377\000M\000e\000t\000a\000l\000l\000e\000\040\000m\000i\000t\000\040\000I\000n\000g\000o}{}% 1
\BOOKMARK [2][-]{subsection.1.1}{\376\377\000E\000i\000g\000e\000n\000s\000c\000h\000a\000f\000t\000e\000n\000\040\000m\000e\000t\000a\000l\000l\000i\000s\000c\000h\000e\000r\000\040\000E\000l\000e\000m\000e\000n\000t\000e}{section.1}% 2
\BOOKMARK [2][-]{subsection.1.2}{\376\377\000E\000l\000e\000k\000t\000r\000i\000s\000c\000h\000e\000s\000\040\000V\000e\000r\000h\000a\000l\000t\000e\000n}{section.1}% 3
\BOOKMARK [3][-]{subsubsection.1.2.1}{\376\377\000B\000e\000t\000r\000a\000c\000h\000t\000u\000n\000g\000\040\000d\000e\000s\000\040\000s\000p\000e\000z\000i\000f\000i\000s\000c\000h\000e\000n\000\040\000W\000i\000d\000e\000r\000s\000t\000a\000n\000d\000s}{subsection.1.2}% 4
\BOOKMARK [3][-]{subsubsection.1.2.2}{\376\377\000B\000e\000t\000r\000a\000c\000h\000t\000u\000n\000g\000\040\000d\000e\000r\000\040\000t\000h\000e\000r\000m\000i\000s\000c\000h\000e\000n\000\040\000V\000e\000r\000h\000a\000l\000t\000e\000n\000s\000\040\000d\000e\000r\000\040\000L\000e\000i\000t\000f\000\344\000h\000i\000g\000k\000e\000i\000t}{subsection.1.2}% 5
\BOOKMARK [2][-]{subsection.1.3}{\376\377\000D\000e\000f\000i\000n\000i\000t\000i\000o\000n\000\040\000d\000e\000s\000\040\000m\000e\000t\000a\000l\000l\000i\000s\000c\000h\000e\000n\000\040\000Z\000u\000s\000t\000a\000n\000d\000s}{section.1}% 6
\BOOKMARK [2][-]{subsection.1.4}{\376\377\000D\000i\000e\000\040\000c\000h\000e\000m\000i\000s\000c\000h\000e\000\040\000B\000i\000n\000d\000u\000n\000g\000\040\000i\000n\000\040\000M\000e\000t\000a\000l\000l\000e\000n}{section.1}% 7
\BOOKMARK [3][-]{subsubsection.1.4.1}{\376\377\000K\000e\000t\000e\000l\000a\000a\000r\000-\000D\000i\000a\000g\000r\000a\000m\000m}{subsection.1.4}% 8
\BOOKMARK [3][-]{subsubsection.1.4.2}{\376\377\000D\000a\000s\000\040\000E\000l\000e\000k\000t\000r\000o\000n\000e\000n\000g\000a\000s\000m\000o\000d\000e\000l\000l}{subsection.1.4}% 9
\BOOKMARK [3][-]{subsubsection.1.4.3}{\376\377\000D\000a\000s\000\040\000B\000\344\000n\000d\000e\000r\000m\000o\000d\000e\000l\000l}{subsection.1.4}% 10
\BOOKMARK [2][-]{subsection.1.5}{\376\377\000S\000t\000r\000u\000k\000t\000u\000r\000e\000n\000\040\000d\000e\000r\000\040\000M\000e\000t\000a\000l\000l\000e}{section.1}% 11
\BOOKMARK [3][-]{subsubsection.1.5.1}{\376\377\000D\000i\000e\000\040\000k\000u\000b\000i\000s\000c\000h\000-\000i\000n\000n\000e\000n\000z\000e\000n\000t\000r\000i\000e\000r\000t\000e\000\040\000K\000u\000g\000e\000l\000p\000a\000c\000k\000u\000n\000g}{subsection.1.5}% 12
\BOOKMARK [3][-]{subsubsection.1.5.2}{\376\377\000D\000i\000e\000\040\000d\000i\000c\000h\000t\000e\000s\000t\000e\000n\000\040\000P\000a\000c\000k\000u\000n\000g\000e\000n}{subsection.1.5}% 13
\BOOKMARK [3][-]{subsubsection.1.5.3}{\376\377\000A\000u\000f\000g\000e\000f\000\374\000l\000l\000t\000e\000\040\000d\000i\000c\000h\000t\000e\000s\000t\000e\000\040\000P\000a\000c\000k\000u\000n\000g\000e\000n}{subsection.1.5}% 14
\BOOKMARK [1][-]{section.2}{\376\377\000D\000i\000e\000\040\000E\000l\000e\000m\000e\000n\000t\000e\000\040\000d\000e\000r\000\040\000e\000r\000s\000t\000e\000n\000\040\000u\000n\000d\000\040\000e\000l\000f\000t\000e\000n\000\040\000P\000e\000r\000i\000o\000d\000e\000\040\000\050\000-\000H\000\046\000R\000g\000\051}{}% 15
\BOOKMARK [2][-]{subsubsection.2.0.1}{\376\377\000V\000o\000r\000k\000o\000m\000m\000e\000n}{section.2}% 16
\BOOKMARK [3][-]{subsubsection.2.0.2}{\376\377\000H\000e\000r\000s\000t\000e\000l\000l\000u\000n\000g}{subsubsection.2.0.1}% 17
\BOOKMARK [3][-]{subsubsection.2.0.3}{\376\377\000V\000e\000r\000b\000i\000n\000d\000u\000n\000g\000e\000n}{subsubsection.2.0.1}% 18
\BOOKMARK [3][-]{subsubsection.2.0.4}{\376\377\000S\000a\000u\000e\000r\000s\000t\000o\000f\000f\000-\000V\000e\000r\000b\000i\000n\000d\000u\000n\000g\000e\000n}{subsubsection.2.0.1}% 19
\BOOKMARK [3][-]{subsubsection.2.0.5}{\376\377\000H\000y\000d\000r\000o\000x\000i\000d\000e}{subsubsection.2.0.1}% 20
\BOOKMARK [3][-]{subsubsection.2.0.6}{\376\377\000A\000l\000k\000a\000l\000i\000m\000e\000t\000a\000l\000l\000-\000E\000l\000e\000k\000t\000r\000o\000d\000e\000\040\000u\000n\000d\000\040\000A\000l\000k\000a\000l\000i\000d\000e}{subsubsection.2.0.1}% 21
\BOOKMARK [3][-]{subsubsection.2.0.7}{\376\377\000S\000t\000i\000c\000k\000s\000t\000o\000f\000f\000v\000e\000r\000b\000i\000n\000d\000u\000n\000g\000e\000n}{subsubsection.2.0.1}% 22
\BOOKMARK [2][-]{subsection.2.1}{\376\377\000O\000x\000i\000d\000a\000t\000i\000o\000n\000s\000s\000t\000u\000f\000e\000n\000\040\000d\000e\000r\000\040\000M\000\374\000n\000z\000m\000e\000t\000a\000l\000l\000e}{section.2}% 23
\BOOKMARK [3][-]{subsubsection.2.1.1}{\376\377\000A\000l\000l\000g\000e\000m\000e\000i\000n\000e\000s}{subsection.2.1}% 24
\BOOKMARK [3][-]{subsubsection.2.1.2}{\376\377\000V\000e\000r\000b\000i\000n\000d\000u\000n\000g\000e\000n\000\040\000v\000o\000n\000\040\000C\000u\000\040\000u\000n\000d\000\040\000A\000g\000\040\000i\000n\000\040\000h\000o\000h\000e\000n\000\040\000O\000x\000i\000d\000a\000t\000i\000o\000n\000s\000s\000t\000u\000f\000e\000n}{subsection.2.1}% 25
\BOOKMARK [2][-]{subsection.2.2}{\376\377\000D\000i\000e\000\040\000C\000h\000e\000m\000i\000e\000\040\000d\000e\000r\000\040\000G\000o\000l\000d\000s}{section.2}% 26
\BOOKMARK [3][-]{subsubsection.2.2.1}{\376\377\000R\000e\000l\000a\000t\000i\000v\000i\000s\000t\000i\000s\000c\000h\000e\000\040\000E\000f\000f\000e\000k\000t\000e}{subsection.2.2}% 27
\BOOKMARK [3][-]{subsubsection.2.2.2}{\376\377\000G\000o\000l\000d\000v\000e\000r\000b\000i\000n\000d\000u\000n\000g\000e\000n}{subsection.2.2}% 28
\BOOKMARK [1][-]{section.3}{\376\377\000E\000l\000e\000m\000e\000n\000t\000e\000\040\000d\000e\000r\000\040\0002\000.\000\040\000u\000n\000d\000\040\0001\0002\000.\000\040\000G\000r\000u\000p\000p\000e}{}% 29
\BOOKMARK [2][-]{subsection.3.1}{\376\377\000V\000o\000r\000k\000o\000m\000m\000e\000n}{section.3}% 30
\BOOKMARK [3][-]{subsubsection.3.1.1}{\376\377\000E\000r\000d\000a\000l\000k\000a\000l\000i\000m\000e\000t\000a\000l\000l\000e}{subsection.3.1}% 31
\BOOKMARK [3][-]{subsubsection.3.1.2}{\376\377\000E\000l\000e\000m\000e\000n\000t\000e\000\040\000d\000e\000r\000\040\000Z\000i\000n\000k\000-\000G\000r\000u\000p\000p\000e}{subsection.3.1}% 32
\BOOKMARK [2][-]{subsection.3.2}{\376\377\000H\000e\000r\000s\000t\000e\000l\000l\000u\000n\000g}{section.3}% 33
\BOOKMARK [3][-]{subsubsection.3.2.1}{\376\377\000E\000r\000d\000a\000l\000k\000a\000l\000i\000m\000e\000t\000a\000l\000l\000e}{subsection.3.2}% 34
\BOOKMARK [3][-]{subsubsection.3.2.2}{\376\377\000Z\000i\000n\000k\000g\000r\000u\000p\000p\000e}{subsection.3.2}% 35
\BOOKMARK [2][-]{subsection.3.3}{\376\377\000V\000e\000r\000b\000i\000n\000d\000u\000n\000g\000e\000n}{section.3}% 36
\BOOKMARK [3][-]{subsubsection.3.3.1}{\376\377\000H\000a\000l\000o\000g\000e\000n\000i\000d\000e\000\040\000M\000X\0002}{subsection.3.3}% 37
\BOOKMARK [3][-]{subsubsection.3.3.2}{\376\377\000C\000h\000a\000l\000k\000o\000g\000e\000n\000i\000d\000e}{subsection.3.3}% 38
\BOOKMARK [2][-]{subsection.3.4}{\376\377\000D\000i\000e\000\040\000C\000h\000e\000m\000i\000e\000\040\000d\000e\000s\000\040\000Q\000u\000e\000c\000k\000s\000i\000l\000b\000e\000r\000s}{section.3}% 39
\BOOKMARK [3][-]{subsubsection.3.4.1}{\376\377\000B\000e\000s\000o\000n\000d\000e\000r\000h\000e\000i\000t\000e\000n}{subsection.3.4}% 40
\BOOKMARK [3][-]{subsubsection.3.4.2}{\376\377\000H\000a\000l\000o\000g\000e\000n\000i\000d\000e}{subsection.3.4}% 41
\BOOKMARK [3][-]{subsubsection.3.4.3}{\376\377\000C\000h\000a\000l\000k\000o\000g\000e\000n\000i\000d\000e}{subsection.3.4}% 42
\BOOKMARK [3][-]{subsubsection.3.4.4}{\376\377\000A\000m\000a\000l\000g\000a\000m\000e}{subsection.3.4}% 43
\BOOKMARK [1][-]{section.4}{\376\377\000D\000i\000e\000\040\000M\000e\000t\000a\000l\000l\000e\000\040\000d\000e\000s\000\040\000p\000-\000B\000l\000o\000c\000k\000s}{}% 44
\BOOKMARK [2][-]{subsection.4.1}{\376\377\000E\000i\000g\000e\000n\000s\000c\000h\000a\000f\000t\000e\000n}{section.4}% 45
\BOOKMARK [3][-]{subsubsection.4.1.1}{\376\377\000T\000a\000b\000e\000l\000l\000e}{subsection.4.1}% 46
\BOOKMARK [3][-]{subsubsection.4.1.2}{\376\377\000G\000r\000n\000a\000z\000b\000e\000r\000e\000i\000c\000h\000\040\000M\000e\000t\000a\000l\000l\000e\000-\000N\000i\000c\000h\000t\000m\000e\000t\000a\000l\000l\000e}{subsection.4.1}% 47
\BOOKMARK [2][-]{subsection.4.2}{\376\377\000V\000o\000r\000k\000o\000m\000m\000e\000n}{section.4}% 48
\BOOKMARK [3][-]{subsubsection.4.2.1}{\376\377\000E\000r\000d\000m\000e\000t\000a\000l\000l\000e}{subsection.4.2}% 49
\BOOKMARK [3][-]{subsubsection.4.2.2}{\376\377\000Z\000i\000n\000n\000,\000B\000l\000e\000i\000,\000A\000c\000t\000i\000n\000o\000-\000,\000B\000i\000s\000m\000u\000t}{subsection.4.2}% 50
\BOOKMARK [2][-]{subsection.4.3}{\376\377\000H\000e\000r\000s\000t\000e\000l\000l\000u\000n\000g}{section.4}% 51
\BOOKMARK [3][-]{subsubsection.4.3.1}{\376\377\000E\000r\000d\000m\000e\000t\000a\000l\000l\000e}{subsection.4.3}% 52
\BOOKMARK [3][-]{subsubsection.4.3.2}{\376\377\000Z\000i\000n\000n\000,\000\040\000B\000l\000e\000i\000,\000\040\000A\000n\000t\000i\000m\000o\000n\000,\000\040\000B\000i\000s\000m\000u\000t}{subsection.4.3}% 53
\BOOKMARK [2][-]{subsection.4.4}{\376\377\000V\000e\000r\000b\000i\000n\000d\000u\000n\000g\000e\000n}{section.4}% 54
\BOOKMARK [3][-]{subsubsection.4.4.1}{\376\377\000H\000a\000l\000o\000g\000e\000n\000i\000d\000e}{subsection.4.4}% 55
\BOOKMARK [3][-]{subsubsection.4.4.2}{\376\377\000C\000h\000a\000l\000k\000o\000g\000e\000n\000i\000d\000e}{subsection.4.4}% 56
\BOOKMARK [3][-]{subsubsection.4.4.3}{\376\377\000A\000q\000u\000a\000k\000o\000m\000p\000l\000e\000x\000e\000\040\000v\000o\000n\000\040\000A\000l\000u\000m\000i\000n\000i\000u\000m}{subsection.4.4}% 57
\BOOKMARK [3][-]{subsubsection.4.4.4}{\376\377\000Z\000i\000n\000t\000l\000-\000P\000h\000a\000s\000e\000n}{subsection.4.4}% 58
\BOOKMARK [1][-]{section.5}{\376\377\000G\000r\000u\000n\000d\000z\000\374\000g\000e\000\040\000d\000e\000r\000\040\000K\000o\000m\000p\000l\000e\000x\000c\000h\000e\000m\000i\000e}{}% 59
\BOOKMARK [2][-]{subsection.5.1}{\376\377\000A\000l\000l\000g\000e\000m\000e\000i\000n\000e\000s}{section.5}% 60
\BOOKMARK [2][-]{subsection.5.2}{\376\377\000K\000o\000m\000p\000l\000e\000x\000l\000i\000g\000a\000n\000d\000e\000n}{section.5}% 61
\BOOKMARK [2][-]{subsection.5.3}{\376\377\000A\000r\000t\000e\000n\000\040\000d\000e\000r\000\040\000D\000o\000n\000o\000r\000-\000B\000i\000n\000d\000u\000n\000g\000\040\000u\000n\000d\000\040\000L\000i\000g\000a\000n\000d\000e\000n\000v\000e\000r\000b\000r\000\374\000c\000k\000u\000n\000g}{section.5}% 62
\BOOKMARK [3][-]{subsubsection.5.3.1}{\376\377\000A\000r\000t\000e\000n\000\040\000d\000e\000r\000\040\000D\000o\000n\000o\000r\000-\000B\000i\000n\000d\000u\000n\000g}{subsection.5.3}% 63
\BOOKMARK [3][-]{subsubsection.5.3.2}{\376\377\000H\000a\000p\000t\000i\000z\000i\000t\000\344\000t\000\040\000\050\000-\000K\000o\000m\000p\000l\000e\000x\000e\000\051\000\040}{subsection.5.3}% 64
\BOOKMARK [3][-]{subsubsection.5.3.3}{\376\377\000V\000e\000r\000b\000r\000\374\000c\000k\000u\000n\000g\000\040}{subsection.5.3}% 65
\BOOKMARK [2][-]{subsection.5.4}{\376\377\000G\000e\000o\000m\000e\000t\000r\000i\000e\000n\000\040\000i\000n\000\040\000K\000o\000m\000p\000l\000e\000x\000e\000n}{section.5}% 66
\BOOKMARK [2][-]{subsection.5.5}{\376\377\000I\000s\000o\000m\000e\000r\000i\000e\000\040\000i\000n\000\040\000K\000o\000m\000p\000l\000e\000x\000e\000n}{section.5}% 67
\BOOKMARK [3][-]{subsubsection.5.5.1}{\376\377\000G\000e\000o\000m\000e\000t\000r\000i\000s\000c\000h\000e\000\040\000I\000s\000o\000m\000e\000r\000e}{subsection.5.5}% 68
\BOOKMARK [3][-]{subsubsection.5.5.2}{\376\377\000K\000o\000n\000s\000t\000i\000t\000u\000t\000i\000o\000n\000s\000i\000s\000o\000m\000e\000r\000e}{subsection.5.5}% 69
\BOOKMARK [2][-]{subsection.5.6}{\376\377\000D\000i\000e\000\040\000K\000r\000i\000s\000t\000a\000l\000l\000f\000e\000l\000d\000-\000\040\000b\000z\000w\000.\000\040\000L\000i\000g\000a\000n\000d\000e\000n\000f\000e\000l\000d\000t\000h\000e\000o\000r\000i\000e}{section.5}% 70
\BOOKMARK [3][-]{subsubsection.5.6.1}{\376\377\000A\000l\000l\000g\000e\000m\000e\000i\000n\000e\000s}{subsection.5.6}% 71
\BOOKMARK [3][-]{subsubsection.5.6.2}{\376\377\000D\000i\000e\000\040\000L\000i\000g\000a\000n\000d\000e\000n\000f\000e\000l\000d\000s\000t\000a\000b\000i\000l\000i\000s\000i\000e\000r\000u\000n\000g\000s\000e\000n\000e\000r\000g\000i\000e\000\040\000\050\000L\000F\000S\000E\000\051}{subsection.5.6}% 72
\BOOKMARK [3][-]{subsubsection.5.6.3}{\376\377\000D\000i\000e\000\040\000s\000p\000e\000k\000t\000r\000o\000c\000h\000e\000m\000i\000s\000c\000h\000e\000n\000\040\000R\000e\000i\000h\000e\000n}{subsection.5.6}% 73
\BOOKMARK [2][-]{subsection.5.7}{\376\377\000P\000h\000y\000s\000i\000k\000a\000l\000i\000s\000c\000h\000e\000\040\000E\000i\000g\000e\000n\000s\000c\000h\000a\000f\000t\000e\000n}{section.5}% 74
\BOOKMARK [3][-]{subsubsection.5.7.1}{\376\377\000O\000p\000t\000i\000s\000c\000h\000e\000\040\000E\000i\000g\000e\000n\000s\000c\000h\000a\000f\000t\000e\000n}{subsection.5.7}% 75
\BOOKMARK [3][-]{subsubsection.5.7.2}{\376\377\000M\000a\000g\000n\000e\000t\000i\000s\000m\000u\000s\000\040\000i\000n\000\040\000K\000o\000m\000p\000l\000e\000x\000e\000n}{subsection.5.7}% 76
\BOOKMARK [1][-]{section.6}{\376\377\000\334\000b\000e\000r\000g\000a\000n\000g\000s\000m\000e\000t\000a\000l\000l\000e}{}% 77
\BOOKMARK [2][-]{subsection.6.1}{\376\377\000A\000l\000l\000g\000e\000m\000e\000i\000n\000e\000s}{section.6}% 78
\BOOKMARK [3][-]{subsubsection.6.1.1}{\376\377\000V\000e\000r\000s\000c\000h\000i\000e\000d\000e\000n\000e\000\040\000T\000r\000e\000n\000d\000s\000\040\000i\000m\000\040\000V\000e\000r\000g\000l\000e\000i\000c\000h\000\040\000H\000a\000u\000p\000t\000g\000r\000u\000p\000p\000e\000n\000m\000e\000t\000a\000l\000l\000e\000\040\000/\000\040\000\334\000b\000e\000r\000g\000a\000n\000g\000s\000m\000e\000t\000a\000l\000l\000e}{subsection.6.1}% 79
\BOOKMARK [2][-]{subsection.6.2}{\376\377\000D\000i\000e\000\040\000v\000i\000e\000r\000t\000e\000\040\000G\000r\000u\000p\000p\000e}{section.6}% 80
\BOOKMARK [3][-]{subsubsection.6.2.1}{\376\377\000V\000o\000r\000k\000o\000m\000m\000e\000n}{subsection.6.2}% 81
\BOOKMARK [3][-]{subsubsection.6.2.2}{\376\377\000H\000e\000r\000s\000t\000e\000l\000l\000u\000n\000g}{subsection.6.2}% 82
\BOOKMARK [3][-]{subsubsection.6.2.3}{\376\377\000V\000e\000r\000b\000i\000n\000d\000u\000n\000g\000e\000n}{subsection.6.2}% 83
\BOOKMARK [2][-]{subsection.6.3}{\376\377\000D\000i\000e\000\040\000f\000\374\000n\000f\000t\000e\000\040\000G\000r\000u\000p\000p\000e}{section.6}% 84
\BOOKMARK [3][-]{subsubsection.6.3.1}{\376\377\000V\000o\000r\000k\000o\000m\000m\000e\000n}{subsection.6.3}% 85
\BOOKMARK [3][-]{subsubsection.6.3.2}{\376\377\000H\000e\000r\000s\000t\000e\000l\000l\000u\000n\000g}{subsection.6.3}% 86
\BOOKMARK [3][-]{subsubsection.6.3.3}{\376\377\000V\000e\000r\000b\000i\000n\000d\000u\000n\000g\000e\000n}{subsection.6.3}% 87
